C:\PROGRAM FILES\NODEJS\NPM.CMD:1
:: Created by npm, please don't edit manually.
^

SyntaxError: Unexpected token ':'
    at internalCompileFunction (node:internal/vm:77:18)
    at wrapSafe (node:internal/modules/cjs/loader:1288:20)
    at Module._compile (node:internal/modules/cjs/loader:1340:27)
    at Module._extensions..js (node:internal/modules/cjs/loader:1435:10)
    at Module.load (node:internal/modules/cjs/loader:1207:32)
    at Module._load (node:internal/modules/cjs/loader:1023:12)
    at Object.<anonymous> (C:\Users\kjdm435\AppData\Roaming\npm\node_modules\pm2\lib\ProcessContainerFork.js:33:23)
    at Module._compile (node:internal/modules/cjs/loader:1376:14)
    at Module._extensions..js (node:internal/modules/cjs/loader:1435:10)
    at Module.load (node:internal/modules/cjs/loader:1207:32)
C:\PROGRAM FILES\NODEJS\NPM.CMD:1
:: Created by npm, please don't edit manually.
^

SyntaxError: Unexpected token ':'
    at internalCompileFunction (node:internal/vm:77:18)
    at wrapSafe (node:internal/modules/cjs/loader:1288:20)
    at Module._compile (node:internal/modules/cjs/loader:1340:27)
    at Module._extensions..js (node:internal/modules/cjs/loader:1435:10)
    at Module.load (node:internal/modules/cjs/loader:1207:32)
    at Module._load (node:internal/modules/cjs/loader:1023:12)
    at Object.<anonymous> (C:\Users\kjdm435\AppData\Roaming\npm\node_modules\pm2\lib\ProcessContainerFork.js:33:23)
    at Module._compile (node:internal/modules/cjs/loader:1376:14)
    at Module._extensions..js (node:internal/modules/cjs/loader:1435:10)
    at Module.load (node:internal/modules/cjs/loader:1207:32)
C:\PROGRAM FILES\NODEJS\NPM.CMD:1
:: Created by npm, please don't edit manually.
^

SyntaxError: Unexpected token ':'
    at internalCompileFunction (node:internal/vm:77:18)
    at wrapSafe (node:internal/modules/cjs/loader:1288:20)
    at Module._compile (node:internal/modules/cjs/loader:1340:27)
    at Module._extensions..js (node:internal/modules/cjs/loader:1435:10)
    at Module.load (node:internal/modules/cjs/loader:1207:32)
    at Module._load (node:internal/modules/cjs/loader:1023:12)
    at Object.<anonymous> (C:\Users\kjdm435\AppData\Roaming\npm\node_modules\pm2\lib\ProcessContainerFork.js:33:23)
    at Module._compile (node:internal/modules/cjs/loader:1376:14)
    at Module._extensions..js (node:internal/modules/cjs/loader:1435:10)
    at Module.load (node:internal/modules/cjs/loader:1207:32)
C:\PROGRAM FILES\NODEJS\NPM.CMD:1
:: Created by npm, please don't edit manually.
^

SyntaxError: Unexpected token ':'
    at internalCompileFunction (node:internal/vm:77:18)
    at wrapSafe (node:internal/modules/cjs/loader:1288:20)
    at Module._compile (node:internal/modules/cjs/loader:1340:27)
    at Module._extensions..js (node:internal/modules/cjs/loader:1435:10)
    at Module.load (node:internal/modules/cjs/loader:1207:32)
    at Module._load (node:internal/modules/cjs/loader:1023:12)
    at Object.<anonymous> (C:\Users\kjdm435\AppData\Roaming\npm\node_modules\pm2\lib\ProcessContainerFork.js:33:23)
    at Module._compile (node:internal/modules/cjs/loader:1376:14)
    at Module._extensions..js (node:internal/modules/cjs/loader:1435:10)
    at Module.load (node:internal/modules/cjs/loader:1207:32)
C:\PROGRAM FILES\NODEJS\NPM.CMD:1
:: Created by npm, please don't edit manually.
^

SyntaxError: Unexpected token ':'
    at internalCompileFunction (node:internal/vm:77:18)
    at wrapSafe (node:internal/modules/cjs/loader:1288:20)
    at Module._compile (node:internal/modules/cjs/loader:1340:27)
    at Module._extensions..js (node:internal/modules/cjs/loader:1435:10)
    at Module.load (node:internal/modules/cjs/loader:1207:32)
    at Module._load (node:internal/modules/cjs/loader:1023:12)
    at Object.<anonymous> (C:\Users\kjdm435\AppData\Roaming\npm\node_modules\pm2\lib\ProcessContainerFork.js:33:23)
    at Module._compile (node:internal/modules/cjs/loader:1376:14)
    at Module._extensions..js (node:internal/modules/cjs/loader:1435:10)
    at Module.load (node:internal/modules/cjs/loader:1207:32)
C:\PROGRAM FILES\NODEJS\NPM.CMD:1
:: Created by npm, please don't edit manually.
^

SyntaxError: Unexpected token ':'
    at internalCompileFunction (node:internal/vm:77:18)
    at wrapSafe (node:internal/modules/cjs/loader:1288:20)
    at Module._compile (node:internal/modules/cjs/loader:1340:27)
    at Module._extensions..js (node:internal/modules/cjs/loader:1435:10)
    at Module.load (node:internal/modules/cjs/loader:1207:32)
    at Module._load (node:internal/modules/cjs/loader:1023:12)
    at Object.<anonymous> (C:\Users\kjdm435\AppData\Roaming\npm\node_modules\pm2\lib\ProcessContainerFork.js:33:23)
    at Module._compile (node:internal/modules/cjs/loader:1376:14)
    at Module._extensions..js (node:internal/modules/cjs/loader:1435:10)
    at Module.load (node:internal/modules/cjs/loader:1207:32)
C:\PROGRAM FILES\NODEJS\NPM.CMD:1
:: Created by npm, please don't edit manually.
^

SyntaxError: Unexpected token ':'
    at internalCompileFunction (node:internal/vm:77:18)
    at wrapSafe (node:internal/modules/cjs/loader:1288:20)
    at Module._compile (node:internal/modules/cjs/loader:1340:27)
    at Module._extensions..js (node:internal/modules/cjs/loader:1435:10)
    at Module.load (node:internal/modules/cjs/loader:1207:32)
    at Module._load (node:internal/modules/cjs/loader:1023:12)
    at Object.<anonymous> (C:\Users\kjdm435\AppData\Roaming\npm\node_modules\pm2\lib\ProcessContainerFork.js:33:23)
    at Module._compile (node:internal/modules/cjs/loader:1376:14)
    at Module._extensions..js (node:internal/modules/cjs/loader:1435:10)
    at Module.load (node:internal/modules/cjs/loader:1207:32)
C:\PROGRAM FILES\NODEJS\NPM.CMD:1
:: Created by npm, please don't edit manually.
^

SyntaxError: Unexpected token ':'
    at internalCompileFunction (node:internal/vm:77:18)
    at wrapSafe (node:internal/modules/cjs/loader:1288:20)
    at Module._compile (node:internal/modules/cjs/loader:1340:27)
    at Module._extensions..js (node:internal/modules/cjs/loader:1435:10)
    at Module.load (node:internal/modules/cjs/loader:1207:32)
    at Module._load (node:internal/modules/cjs/loader:1023:12)
    at Object.<anonymous> (C:\Users\kjdm435\AppData\Roaming\npm\node_modules\pm2\lib\ProcessContainerFork.js:33:23)
    at Module._compile (node:internal/modules/cjs/loader:1376:14)
    at Module._extensions..js (node:internal/modules/cjs/loader:1435:10)
    at Module.load (node:internal/modules/cjs/loader:1207:32)
C:\PROGRAM FILES\NODEJS\NPM.CMD:1
:: Created by npm, please don't edit manually.
^

SyntaxError: Unexpected token ':'
    at internalCompileFunction (node:internal/vm:77:18)
    at wrapSafe (node:internal/modules/cjs/loader:1288:20)
    at Module._compile (node:internal/modules/cjs/loader:1340:27)
    at Module._extensions..js (node:internal/modules/cjs/loader:1435:10)
    at Module.load (node:internal/modules/cjs/loader:1207:32)
    at Module._load (node:internal/modules/cjs/loader:1023:12)
    at Object.<anonymous> (C:\Users\kjdm435\AppData\Roaming\npm\node_modules\pm2\lib\ProcessContainerFork.js:33:23)
    at Module._compile (node:internal/modules/cjs/loader:1376:14)
    at Module._extensions..js (node:internal/modules/cjs/loader:1435:10)
    at Module.load (node:internal/modules/cjs/loader:1207:32)
C:\PROGRAM FILES\NODEJS\NPM.CMD:1
:: Created by npm, please don't edit manually.
^

SyntaxError: Unexpected token ':'
    at internalCompileFunction (node:internal/vm:77:18)
    at wrapSafe (node:internal/modules/cjs/loader:1288:20)
    at Module._compile (node:internal/modules/cjs/loader:1340:27)
    at Module._extensions..js (node:internal/modules/cjs/loader:1435:10)
    at Module.load (node:internal/modules/cjs/loader:1207:32)
    at Module._load (node:internal/modules/cjs/loader:1023:12)
    at Object.<anonymous> (C:\Users\kjdm435\AppData\Roaming\npm\node_modules\pm2\lib\ProcessContainerFork.js:33:23)
    at Module._compile (node:internal/modules/cjs/loader:1376:14)
    at Module._extensions..js (node:internal/modules/cjs/loader:1435:10)
    at Module.load (node:internal/modules/cjs/loader:1207:32)
C:\PROGRAM FILES\NODEJS\NPM.CMD:1
:: Created by npm, please don't edit manually.
^

SyntaxError: Unexpected token ':'
    at internalCompileFunction (node:internal/vm:77:18)
    at wrapSafe (node:internal/modules/cjs/loader:1288:20)
    at Module._compile (node:internal/modules/cjs/loader:1340:27)
    at Module._extensions..js (node:internal/modules/cjs/loader:1435:10)
    at Module.load (node:internal/modules/cjs/loader:1207:32)
    at Module._load (node:internal/modules/cjs/loader:1023:12)
    at Object.<anonymous> (C:\Users\kjdm435\AppData\Roaming\npm\node_modules\pm2\lib\ProcessContainerFork.js:33:23)
    at Module._compile (node:internal/modules/cjs/loader:1376:14)
    at Module._extensions..js (node:internal/modules/cjs/loader:1435:10)
    at Module.load (node:internal/modules/cjs/loader:1207:32)
C:\PROGRAM FILES\NODEJS\NPM.CMD:1
:: Created by npm, please don't edit manually.
^

SyntaxError: Unexpected token ':'
    at internalCompileFunction (node:internal/vm:77:18)
    at wrapSafe (node:internal/modules/cjs/loader:1288:20)
    at Module._compile (node:internal/modules/cjs/loader:1340:27)
    at Module._extensions..js (node:internal/modules/cjs/loader:1435:10)
    at Module.load (node:internal/modules/cjs/loader:1207:32)
    at Module._load (node:internal/modules/cjs/loader:1023:12)
    at Object.<anonymous> (C:\Users\kjdm435\AppData\Roaming\npm\node_modules\pm2\lib\ProcessContainerFork.js:33:23)
    at Module._compile (node:internal/modules/cjs/loader:1376:14)
    at Module._extensions..js (node:internal/modules/cjs/loader:1435:10)
    at Module.load (node:internal/modules/cjs/loader:1207:32)
C:\PROGRAM FILES\NODEJS\NPM.CMD:1
:: Created by npm, please don't edit manually.
^

SyntaxError: Unexpected token ':'
    at internalCompileFunction (node:internal/vm:77:18)
    at wrapSafe (node:internal/modules/cjs/loader:1288:20)
    at Module._compile (node:internal/modules/cjs/loader:1340:27)
    at Module._extensions..js (node:internal/modules/cjs/loader:1435:10)
    at Module.load (node:internal/modules/cjs/loader:1207:32)
    at Module._load (node:internal/modules/cjs/loader:1023:12)
    at Object.<anonymous> (C:\Users\kjdm435\AppData\Roaming\npm\node_modules\pm2\lib\ProcessContainerFork.js:33:23)
    at Module._compile (node:internal/modules/cjs/loader:1376:14)
    at Module._extensions..js (node:internal/modules/cjs/loader:1435:10)
    at Module.load (node:internal/modules/cjs/loader:1207:32)
C:\PROGRAM FILES\NODEJS\NPM.CMD:1
:: Created by npm, please don't edit manually.
^

SyntaxError: Unexpected token ':'
    at internalCompileFunction (node:internal/vm:77:18)
    at wrapSafe (node:internal/modules/cjs/loader:1288:20)
    at Module._compile (node:internal/modules/cjs/loader:1340:27)
    at Module._extensions..js (node:internal/modules/cjs/loader:1435:10)
    at Module.load (node:internal/modules/cjs/loader:1207:32)
    at Module._load (node:internal/modules/cjs/loader:1023:12)
    at Object.<anonymous> (C:\Users\kjdm435\AppData\Roaming\npm\node_modules\pm2\lib\ProcessContainerFork.js:33:23)
    at Module._compile (node:internal/modules/cjs/loader:1376:14)
    at Module._extensions..js (node:internal/modules/cjs/loader:1435:10)
    at Module.load (node:internal/modules/cjs/loader:1207:32)
C:\PROGRAM FILES\NODEJS\NPM.CMD:1
:: Created by npm, please don't edit manually.
^

SyntaxError: Unexpected token ':'
    at internalCompileFunction (node:internal/vm:77:18)
    at wrapSafe (node:internal/modules/cjs/loader:1288:20)
    at Module._compile (node:internal/modules/cjs/loader:1340:27)
    at Module._extensions..js (node:internal/modules/cjs/loader:1435:10)
    at Module.load (node:internal/modules/cjs/loader:1207:32)
    at Module._load (node:internal/modules/cjs/loader:1023:12)
    at Object.<anonymous> (C:\Users\kjdm435\AppData\Roaming\npm\node_modules\pm2\lib\ProcessContainerFork.js:33:23)
    at Module._compile (node:internal/modules/cjs/loader:1376:14)
    at Module._extensions..js (node:internal/modules/cjs/loader:1435:10)
    at Module.load (node:internal/modules/cjs/loader:1207:32)
C:\PROGRAM FILES\NODEJS\NPM.CMD:1
:: Created by npm, please don't edit manually.
^

SyntaxError: Unexpected token ':'
    at internalCompileFunction (node:internal/vm:77:18)
    at wrapSafe (node:internal/modules/cjs/loader:1288:20)
    at Module._compile (node:internal/modules/cjs/loader:1340:27)
    at Module._extensions..js (node:internal/modules/cjs/loader:1435:10)
    at Module.load (node:internal/modules/cjs/loader:1207:32)
    at Module._load (node:internal/modules/cjs/loader:1023:12)
    at Object.<anonymous> (C:\Users\kjdm435\AppData\Roaming\npm\node_modules\pm2\lib\ProcessContainerFork.js:33:23)
    at Module._compile (node:internal/modules/cjs/loader:1376:14)
    at Module._extensions..js (node:internal/modules/cjs/loader:1435:10)
    at Module.load (node:internal/modules/cjs/loader:1207:32)
